<?xml version="1.0" encoding="UTF-8"?>
<!-- Generated by org.testng.reporters.JUnitReportReporter -->
<testsuite hostname="LAPTOP-NKCAP3PB" failures="0" tests="1" name="com.ots.testcases.Sample" time="0.004" errors="0" timestamp="2024-08-30T14:04:33 AEST" skipped="0">
  <testcase classname="com.ots.testcases.Sample" name="test2" time="0.004"/>
</testsuite> <!-- com.ots.testcases.Sample -->
